<?xml version="1.0" encoding="UTF-8"?>
<!-- Generated by org.testng.reporters.JUnitXMLReporter -->
<testsuite ignored="3" hostname="DESKTOP-R09BFLF" failures="0" tests="1" name="Default test" time="16.992" errors="0" timestamp="2023-02-11T12:14:22 EST">
  <testcase classname="tests.LandingPageTest" name="testAllLinks" time="8.648"/>
  <testcase classname="tests.LandingPageTest" name="forgotPassword" time="0.0">
    <ignored/>
  </testcase> <!-- forgotPassword -->
  <testcase classname="tests.LandingPageTest" name="f" time="0.0">
    <ignored/>
  </testcase> <!-- f -->
  <testcase classname="tests.LandingPageTest" name="testLoginInvalid" time="0.0">
    <ignored/>
  </testcase> <!-- testLoginInvalid -->
</testsuite> <!-- Default test -->
