<?xml version="1.0" encoding="UTF-8"?>
<testng-results ignored="0" total="4" passed="3" failed="1" skipped="0">
  <reporter-output>
  </reporter-output>
  <suite started-at="2023-02-12T11:03:28 EST" name="Suite" finished-at="2023-02-12T11:04:22 EST" duration-ms="53509">
    <groups>
    </groups>
    <test started-at="2023-02-12T11:03:28 EST" name="Test" finished-at="2023-02-12T11:04:22 EST" duration-ms="53509">
      <class name="tests.LandingPageTest">
        <test-method is-config="true" signature="initializeTwo()[pri:0, instance:tests.LandingPageTest@4b520ea8]" started-at="2023-02-12T11:03:29 EST" name="initializeTwo" finished-at="2023-02-12T11:03:37 EST" duration-ms="8312" status="PASS">
          <reporter-output>
          </reporter-output>
        </test-method> <!-- initializeTwo -->
        <test-method signature="f()[pri:0, instance:tests.LandingPageTest@4b520ea8]" started-at="2023-02-12T11:03:37 EST" name="f" finished-at="2023-02-12T11:03:41 EST" duration-ms="3715" status="PASS">
          <reporter-output>
          </reporter-output>
        </test-method> <!-- f -->
        <test-method is-config="true" signature="tearDownTwo()[pri:0, instance:tests.LandingPageTest@4b520ea8]" started-at="2023-02-12T11:03:41 EST" name="tearDownTwo" finished-at="2023-02-12T11:03:41 EST" duration-ms="92" status="PASS">
          <reporter-output>
          </reporter-output>
        </test-method> <!-- tearDownTwo -->
        <test-method is-config="true" signature="initializeTwo()[pri:0, instance:tests.LandingPageTest@4b520ea8]" started-at="2023-02-12T11:03:41 EST" name="initializeTwo" finished-at="2023-02-12T11:03:47 EST" duration-ms="6586" status="PASS">
          <reporter-output>
          </reporter-output>
        </test-method> <!-- initializeTwo -->
        <test-method signature="forgotPassword()[pri:0, instance:tests.LandingPageTest@4b520ea8]" started-at="2023-02-12T11:03:47 EST" name="forgotPassword" finished-at="2023-02-12T11:03:50 EST" duration-ms="2538" status="PASS">
          <reporter-output>
          </reporter-output>
        </test-method> <!-- forgotPassword -->
        <test-method is-config="true" signature="tearDownTwo()[pri:0, instance:tests.LandingPageTest@4b520ea8]" started-at="2023-02-12T11:03:50 EST" name="tearDownTwo" finished-at="2023-02-12T11:03:50 EST" duration-ms="69" status="PASS">
          <reporter-output>
          </reporter-output>
        </test-method> <!-- tearDownTwo -->
        <test-method is-config="true" signature="initializeTwo()[pri:0, instance:tests.LandingPageTest@4b520ea8]" started-at="2023-02-12T11:03:50 EST" name="initializeTwo" finished-at="2023-02-12T11:03:55 EST" duration-ms="5361" status="PASS">
          <reporter-output>
          </reporter-output>
        </test-method> <!-- initializeTwo -->
        <test-method signature="testAllLinks()[pri:0, instance:tests.LandingPageTest@4b520ea8]" started-at="2023-02-12T11:03:55 EST" name="testAllLinks" finished-at="2023-02-12T11:04:03 EST" duration-ms="8140" status="PASS">
          <reporter-output>
          </reporter-output>
        </test-method> <!-- testAllLinks -->
        <test-method is-config="true" signature="tearDownTwo()[pri:0, instance:tests.LandingPageTest@4b520ea8]" started-at="2023-02-12T11:04:03 EST" name="tearDownTwo" finished-at="2023-02-12T11:04:04 EST" duration-ms="499" status="PASS">
          <reporter-output>
          </reporter-output>
        </test-method> <!-- tearDownTwo -->
        <test-method is-config="true" signature="initializeTwo()[pri:0, instance:tests.LandingPageTest@4b520ea8]" started-at="2023-02-12T11:04:04 EST" name="initializeTwo" finished-at="2023-02-12T11:04:09 EST" duration-ms="5466" status="PASS">
          <reporter-output>
          </reporter-output>
        </test-method> <!-- initializeTwo -->
        <test-method signature="testLoginInvalid()[pri:0, instance:tests.LandingPageTest@4b520ea8]" started-at="2023-02-12T11:04:09 EST" name="testLoginInvalid" finished-at="2023-02-12T11:04:20 EST" duration-ms="11086" status="FAIL">
          <exception class="org.openqa.selenium.NoSuchElementException">
            <message>
              <![CDATA[no such element: Unable to locate element: {"method":"xpath","selector":"//div[contains(text(), 'No match')]"}
  (Session info: chrome=109.0.5414.120)
For documentation on this error, please visit: https://selenium.dev/exceptions/#no_such_element
Build info: version: '4.8.0', revision: '267030adea'
System info: os.name: 'Windows 10', os.arch: 'amd64', os.version: '10.0', java.version: '18'
Driver info: org.openqa.selenium.chrome.ChromeDriver
Command: [11c209503d76eec0eb085f619516fbfb, findElement {using=xpath, value=//div[contains(text(), 'No match')]}]
Capabilities {acceptInsecureCerts: false, browserName: chrome, browserVersion: 109.0.5414.120, chrome: {chromedriverVersion: 109.0.5414.74 (e7c5703604da..., userDataDir: C:\Users\dhruv\AppData\Loca...}, goog:chromeOptions: {debuggerAddress: localhost:55399}, networkConnectionEnabled: false, pageLoadStrategy: normal, platformName: WINDOWS, proxy: Proxy(), se:cdp: ws://localhost:55399/devtoo..., se:cdpVersion: 109.0.5414.120, setWindowRect: true, strictFileInteractability: false, timeouts: {implicit: 0, pageLoad: 300000, script: 30000}, unhandledPromptBehavior: dismiss and notify, webauthn:extension:credBlob: true, webauthn:extension:largeBlob: true, webauthn:virtualAuthenticators: true}
Session ID: 11c209503d76eec0eb085f619516fbfb]]>
            </message>
            <full-stacktrace>
              <![CDATA[org.openqa.selenium.NoSuchElementException: no such element: Unable to locate element: {"method":"xpath","selector":"//div[contains(text(), 'No match')]"}
  (Session info: chrome=109.0.5414.120)
For documentation on this error, please visit: https://selenium.dev/exceptions/#no_such_element
Build info: version: '4.8.0', revision: '267030adea'
System info: os.name: 'Windows 10', os.arch: 'amd64', os.version: '10.0', java.version: '18'
Driver info: org.openqa.selenium.chrome.ChromeDriver
Command: [11c209503d76eec0eb085f619516fbfb, findElement {using=xpath, value=//div[contains(text(), 'No match')]}]
Capabilities {acceptInsecureCerts: false, browserName: chrome, browserVersion: 109.0.5414.120, chrome: {chromedriverVersion: 109.0.5414.74 (e7c5703604da..., userDataDir: C:\Users\dhruv\AppData\Loca...}, goog:chromeOptions: {debuggerAddress: localhost:55399}, networkConnectionEnabled: false, pageLoadStrategy: normal, platformName: WINDOWS, proxy: Proxy(), se:cdp: ws://localhost:55399/devtoo..., se:cdpVersion: 109.0.5414.120, setWindowRect: true, strictFileInteractability: false, timeouts: {implicit: 0, pageLoad: 300000, script: 30000}, unhandledPromptBehavior: dismiss and notify, webauthn:extension:credBlob: true, webauthn:extension:largeBlob: true, webauthn:virtualAuthenticators: true}
Session ID: 11c209503d76eec0eb085f619516fbfb
at java.base/jdk.internal.reflect.DirectConstructorHandleAccessor.newInstance(DirectConstructorHandleAccessor.java:67)
at java.base/java.lang.reflect.Constructor.newInstanceWithCaller(Constructor.java:499)
at java.base/java.lang.reflect.Constructor.newInstance(Constructor.java:483)
at org.openqa.selenium.remote.codec.w3c.W3CHttpResponseCodec.createException(W3CHttpResponseCodec.java:200)
at org.openqa.selenium.remote.codec.w3c.W3CHttpResponseCodec.decode(W3CHttpResponseCodec.java:133)
at org.openqa.selenium.remote.codec.w3c.W3CHttpResponseCodec.decode(W3CHttpResponseCodec.java:53)
at org.openqa.selenium.remote.HttpCommandExecutor.execute(HttpCommandExecutor.java:184)
at org.openqa.selenium.remote.service.DriverCommandExecutor.invokeExecute(DriverCommandExecutor.java:167)
at org.openqa.selenium.remote.service.DriverCommandExecutor.execute(DriverCommandExecutor.java:142)
at org.openqa.selenium.remote.RemoteWebDriver.execute(RemoteWebDriver.java:543)
at org.openqa.selenium.remote.ElementLocation$ElementFinder$2.findElement(ElementLocation.java:162)
at org.openqa.selenium.remote.ElementLocation.findElement(ElementLocation.java:60)
at org.openqa.selenium.remote.RemoteWebDriver.findElement(RemoteWebDriver.java:352)
at org.openqa.selenium.remote.RemoteWebDriver.findElement(RemoteWebDriver.java:344)
at org.openqa.selenium.support.pagefactory.DefaultElementLocator.findElement(DefaultElementLocator.java:70)
at org.openqa.selenium.support.pagefactory.internal.LocatingElementHandler.invoke(LocatingElementHandler.java:39)
at jdk.proxy2/jdk.proxy2.$Proxy17.getText(Unknown Source)
at pageobjects.LoginPage.getInvalidUserError(LoginPage.java:67)
at tests.LandingPageTest.testLoginInvalid(LandingPageTest.java:36)
at java.base/jdk.internal.reflect.DirectMethodHandleAccessor.invoke(DirectMethodHandleAccessor.java:104)
at java.base/java.lang.reflect.Method.invoke(Method.java:577)
at org.testng.internal.invokers.MethodInvocationHelper.invokeMethod(MethodInvocationHelper.java:139)
at org.testng.internal.invokers.TestInvoker.invokeMethod(TestInvoker.java:677)
at org.testng.internal.invokers.TestInvoker.invokeTestMethod(TestInvoker.java:221)
at org.testng.internal.invokers.MethodRunner.runInSequence(MethodRunner.java:50)
at org.testng.internal.invokers.TestInvoker$MethodInvocationAgent.invoke(TestInvoker.java:969)
at org.testng.internal.invokers.TestInvoker.invokeTestMethods(TestInvoker.java:194)
at org.testng.internal.invokers.TestMethodWorker.invokeTestMethods(TestMethodWorker.java:148)
at org.testng.internal.invokers.TestMethodWorker.run(TestMethodWorker.java:128)
at java.base/java.util.ArrayList.forEach(ArrayList.java:1511)
at org.testng.TestRunner.privateRun(TestRunner.java:829)
at org.testng.TestRunner.run(TestRunner.java:602)
at org.testng.SuiteRunner.runTest(SuiteRunner.java:437)
at org.testng.SuiteRunner.runSequentially(SuiteRunner.java:431)
at org.testng.SuiteRunner.privateRun(SuiteRunner.java:391)
at org.testng.SuiteRunner.run(SuiteRunner.java:330)
at org.testng.SuiteRunnerWorker.runSuite(SuiteRunnerWorker.java:52)
at org.testng.SuiteRunnerWorker.run(SuiteRunnerWorker.java:95)
at org.testng.TestNG.runSuitesSequentially(TestNG.java:1256)
at org.testng.TestNG.runSuitesLocally(TestNG.java:1176)
at org.testng.TestNG.runSuites(TestNG.java:1099)
at org.testng.TestNG.run(TestNG.java:1067)
at org.testng.remote.AbstractRemoteTestNG.run(AbstractRemoteTestNG.java:115)
at org.testng.remote.RemoteTestNG.initAndRun(RemoteTestNG.java:251)
at org.testng.remote.RemoteTestNG.main(RemoteTestNG.java:77)
]]>
            </full-stacktrace>
          </exception> <!-- org.openqa.selenium.NoSuchElementException -->
          <reporter-output>
          </reporter-output>
        </test-method> <!-- testLoginInvalid -->
        <test-method is-config="true" signature="tearDownTwo()[pri:0, instance:tests.LandingPageTest@4b520ea8]" started-at="2023-02-12T11:04:21 EST" name="tearDownTwo" finished-at="2023-02-12T11:04:22 EST" duration-ms="503" status="PASS">
          <reporter-output>
          </reporter-output>
        </test-method> <!-- tearDownTwo -->
      </class> <!-- tests.LandingPageTest -->
    </test> <!-- Test -->
  </suite> <!-- Suite -->
</testng-results>
