<?xml version="1.0" encoding="UTF-8"?>
<!-- Generated by org.testng.reporters.JUnitXMLReporter -->
<testsuite ignored="4" hostname="DESKTOP-R09BFLF" failures="0" tests="1" name="Test" time="33.002" errors="0" timestamp="2023-02-15T14:22:37 EST">
  <testcase classname="tests.LandingPageTest" name="testLoginInvalid" time="25.903"/>
  <testcase classname="tests.LandingPageTest" name="testHeaders" time="0.0">
    <ignored/>
  </testcase> <!-- testHeaders -->
  <testcase classname="tests.LandingPageTest" name="testFacebookLink" time="0.0">
    <ignored/>
  </testcase> <!-- testFacebookLink -->
  <testcase classname="tests.LandingPageTest" name="forgotPassword" time="0.0">
    <ignored/>
  </testcase> <!-- forgotPassword -->
  <testcase classname="tests.LandingPageTest" name="testAllLinks" time="0.0">
    <ignored/>
  </testcase> <!-- testAllLinks -->
</testsuite> <!-- Test -->
